2020-05-04 16:35:38,221 INFO o.a.j.u.JMeterUtils: Setting Locale to en_EN
2020-05-04 16:35:38,238 INFO o.a.j.JMeter: Loading user properties from: F:\apache-jmeter-x.x\apache-jmeter-4.0\bin\user.properties
2020-05-04 16:35:38,243 INFO o.a.j.JMeter: Loading system properties from: F:\apache-jmeter-x.x\apache-jmeter-4.0\bin\system.properties
2020-05-04 16:35:38,264 INFO o.a.j.JMeter: Copyright (c) 1998-2018 The Apache Software Foundation
2020-05-04 16:35:38,265 INFO o.a.j.JMeter: Version 4.0 r1823414
2020-05-04 16:35:38,265 INFO o.a.j.JMeter: java.version=1.8.0_202
2020-05-04 16:35:38,265 INFO o.a.j.JMeter: java.vm.name=Java HotSpot(TM) 64-Bit Server VM
2020-05-04 16:35:38,265 INFO o.a.j.JMeter: os.name=Windows 10
2020-05-04 16:35:38,265 INFO o.a.j.JMeter: os.arch=amd64
2020-05-04 16:35:38,265 INFO o.a.j.JMeter: os.version=10.0
2020-05-04 16:35:38,265 INFO o.a.j.JMeter: file.encoding=GBK
2020-05-04 16:35:38,266 INFO o.a.j.JMeter: Max memory     =1073741824
2020-05-04 16:35:38,266 INFO o.a.j.JMeter: Available Processors =12
2020-05-04 16:35:38,273 INFO o.a.j.JMeter: Default Locale=English (EN)
2020-05-04 16:35:38,273 INFO o.a.j.JMeter: JMeter  Locale=English (EN)
2020-05-04 16:35:38,273 INFO o.a.j.JMeter: JMeterHome=F:\apache-jmeter-x.x\apache-jmeter-4.0
2020-05-04 16:35:38,273 INFO o.a.j.JMeter: user.dir  =C:\Users\dongp\PycharmProjects\Fiddler_To_jmeterScript\result
2020-05-04 16:35:38,274 INFO o.a.j.JMeter: PWD       =C:\Users\dongp\PycharmProjects\Fiddler_To_jmeterScript\result
2020-05-04 16:35:38,276 INFO o.a.j.JMeter: IP: 192.168.31.148 Name: LAPTOP-27UJIKQG FullName: LAPTOP-27UJIKQG
2020-05-04 16:35:38,479 INFO o.a.j.g.a.LookAndFeelCommand: Installing Darcula LAF
2020-05-04 16:35:38,501 INFO o.a.j.g.a.LookAndFeelCommand: Using look and feel: javax.swing.plaf.nimbus.NimbusLookAndFeel [Darcula]
2020-05-04 16:35:38,501 INFO o.a.j.JMeter: Setting LAF to: javax.swing.plaf.nimbus.NimbusLookAndFeel
2020-05-04 16:35:38,545 INFO o.a.j.JMeter: Loaded icon properties from org/apache/jmeter/images/icon.properties
2020-05-04 16:35:39,337 INFO o.a.j.e.u.CompoundVariable: Note: Function class names must contain the string: '.functions.'
2020-05-04 16:35:39,337 INFO o.a.j.e.u.CompoundVariable: Note: Function class names must not contain the string: '.gui.'
2020-05-04 16:35:40,062 INFO o.a.j.JMeter: Loading file: charles_to_jmeter.jmx
2020-05-04 16:35:40,063 INFO o.a.j.s.FileServer: Default base='C:\Users\dongp\PycharmProjects\Fiddler_To_jmeterScript\result'
2020-05-04 16:35:40,064 INFO o.a.j.s.FileServer: Set new base='C:\Users\dongp\PycharmProjects\Fiddler_To_jmeterScript\result'
2020-05-04 16:35:40,189 INFO o.a.j.s.SaveService: Testplan (JMX) version: 2.2. Testlog (JTL) version: 2.2
2020-05-04 16:35:40,206 INFO o.a.j.s.SaveService: Using SaveService properties file encoding UTF-8
2020-05-04 16:35:40,207 INFO o.a.j.s.SaveService: Using SaveService properties version 4.0
2020-05-04 16:35:40,209 INFO o.a.j.s.SaveService: Loading file: charles_to_jmeter.jmx
2020-05-04 16:35:40,361 INFO o.a.j.p.h.c.CookieManager: Settings: Delete null: true Check: true Allow variable: true Save: false Prefix: COOKIE_
2020-05-04 16:35:40,369 INFO o.a.j.p.h.s.HTTPSamplerBase: Parser for text/html is org.apache.jmeter.protocol.http.parser.LagartoBasedHtmlParser
2020-05-04 16:35:40,369 INFO o.a.j.p.h.s.HTTPSamplerBase: Parser for application/xhtml+xml is org.apache.jmeter.protocol.http.parser.LagartoBasedHtmlParser
2020-05-04 16:35:40,369 INFO o.a.j.p.h.s.HTTPSamplerBase: Parser for application/xml is org.apache.jmeter.protocol.http.parser.LagartoBasedHtmlParser
2020-05-04 16:35:40,369 INFO o.a.j.p.h.s.HTTPSamplerBase: Parser for text/xml is org.apache.jmeter.protocol.http.parser.LagartoBasedHtmlParser
2020-05-04 16:35:40,369 INFO o.a.j.p.h.s.HTTPSamplerBase: Parser for text/vnd.wap.wml is org.apache.jmeter.protocol.http.parser.RegexpHTMLParser
2020-05-04 16:35:40,369 INFO o.a.j.p.h.s.HTTPSamplerBase: Parser for text/css is org.apache.jmeter.protocol.http.parser.CssParser
2020-05-04 16:35:40,411 INFO o.j.r.JARSourceHTTP: Requesting https://jmeter-plugins.org/repo/?installID=windows_10-02357a909e7a306e41c6afdbdbcc9014-gui
2020-05-04 16:35:40,461 INFO o.a.j.s.FileServer: Set new base='C:\Users\dongp\PycharmProjects\Fiddler_To_jmeterScript\result'
2020-05-04 16:35:40,578 INFO o.a.j.s.SampleResult: Note: Sample TimeStamps are START times
2020-05-04 16:35:40,578 INFO o.a.j.s.SampleResult: sampleresult.default.encoding is set to UTF-8
2020-05-04 16:35:40,578 INFO o.a.j.s.SampleResult: sampleresult.useNanoTime=true
2020-05-04 16:35:40,579 INFO o.a.j.s.SampleResult: sampleresult.nanoThreadSleep=5000
2020-05-04 16:35:41,980 INFO o.a.j.e.KeyToolUtils: keytool found at 'keytool'
2020-05-04 16:35:41,981 INFO o.a.j.p.h.p.ProxyControl: HTTP(S) Test Script Recorder SSL Proxy will use keys that support embedded 3rd party resources in file F:\apache-jmeter-x.x\apache-jmeter-4.0\bin\proxyserver.jks
2020-05-04 16:35:47,304 INFO o.j.r.PluginManager: Plugins Status: [jpgc-graphs-basic=2.0, jpgc-functions=2.1, jpgc-casutg=2.9, jpgc-dummy=0.4, jpgc-ffw=2.0, jpgc-httpraw=0.1, jpgc-fifo=0.2, jpgc-json=2.7, jpgc-perfmon=2.1, jpgc-plugins-manager=1.4, jpgc-tst=2.5, jmeter-core=4.0, jmeter-ftp=4.0, jmeter-http=4.0, jmeter-jdbc=4.0, jmeter-jms=4.0, jmeter-junit=4.0, jmeter-java=4.0, jmeter-ldap=4.0, jmeter-mail=4.0, jmeter-mongodb=4.0, jmeter-native=4.0, jmeter-tcp=4.0, jmeter-components=4.0, jpgc-standard=2.0]
2020-05-04 16:35:52,554 INFO o.a.j.e.StandardJMeterEngine: Running the test!
2020-05-04 16:35:52,554 INFO o.a.j.s.SampleEvent: List of sample_variables: []
2020-05-04 16:35:52,554 INFO o.a.j.s.SampleEvent: List of sample_variables: []
2020-05-04 16:35:52,558 INFO o.a.j.g.u.JMeterMenuBar: setRunning(true, *local*)
2020-05-04 16:35:52,587 INFO o.a.j.e.StandardJMeterEngine: Starting ThreadGroup: 1 : FiddlerToJmeter
2020-05-04 16:35:52,587 INFO o.a.j.e.StandardJMeterEngine: Starting 1 threads for group FiddlerToJmeter.
2020-05-04 16:35:52,587 INFO o.a.j.e.StandardJMeterEngine: Thread will continue on error
2020-05-04 16:35:52,587 INFO o.a.j.t.ThreadGroup: Starting thread group... number=1 threads=1 ramp-up=1 perThread=1000.0 delayedStart=false
2020-05-04 16:35:52,589 INFO o.a.j.t.ThreadGroup: Started thread group number 1
2020-05-04 16:35:52,589 INFO o.a.j.e.StandardJMeterEngine: All thread groups have been started
2020-05-04 16:35:52,592 INFO o.a.j.t.JMeterThread: Thread started: FiddlerToJmeter 1-1
2020-05-04 16:35:53,700 INFO o.a.j.p.h.s.HTTPHCAbstractImpl: Local host = LAPTOP-27UJIKQG
2020-05-04 16:35:53,705 INFO o.a.j.p.h.s.HTTPHC4Impl: HTTP request retry count = 0
2020-05-04 16:35:54,787 INFO o.a.j.t.JMeterThread: Thread is done: FiddlerToJmeter 1-1
2020-05-04 16:35:54,787 INFO o.a.j.t.JMeterThread: Thread finished: FiddlerToJmeter 1-1
2020-05-04 16:35:54,788 INFO o.a.j.e.StandardJMeterEngine: Notifying test listeners of end of test
2020-05-04 16:35:54,789 INFO o.a.j.g.u.JMeterMenuBar: setRunning(false, *local*)
2020-05-04 16:35:57,095 INFO o.a.j.e.StandardJMeterEngine: Running the test!
2020-05-04 16:35:57,095 INFO o.a.j.s.SampleEvent: List of sample_variables: []
2020-05-04 16:35:57,095 INFO o.a.j.g.u.JMeterMenuBar: setRunning(true, *local*)
2020-05-04 16:35:57,176 INFO o.a.j.e.StandardJMeterEngine: Starting ThreadGroup: 1 : FiddlerToJmeter
2020-05-04 16:35:57,176 INFO o.a.j.e.StandardJMeterEngine: Starting 1 threads for group FiddlerToJmeter.
2020-05-04 16:35:57,176 INFO o.a.j.e.StandardJMeterEngine: Thread will continue on error
2020-05-04 16:35:57,176 INFO o.a.j.t.ThreadGroup: Starting thread group... number=1 threads=1 ramp-up=1 perThread=1000.0 delayedStart=false
2020-05-04 16:35:57,177 INFO o.a.j.t.ThreadGroup: Started thread group number 1
2020-05-04 16:35:57,177 INFO o.a.j.e.StandardJMeterEngine: All thread groups have been started
2020-05-04 16:35:57,177 INFO o.a.j.t.JMeterThread: Thread started: FiddlerToJmeter 1-1
2020-05-04 16:35:59,241 INFO o.a.j.t.JMeterThread: Thread is done: FiddlerToJmeter 1-1
2020-05-04 16:35:59,241 INFO o.a.j.t.JMeterThread: Thread finished: FiddlerToJmeter 1-1
2020-05-04 16:35:59,242 INFO o.a.j.e.StandardJMeterEngine: Notifying test listeners of end of test
2020-05-04 16:35:59,243 INFO o.a.j.g.u.JMeterMenuBar: setRunning(false, *local*)
