2020-05-03 17:11:55,134 INFO o.a.j.u.JMeterUtils: Setting Locale to en_EN
2020-05-03 17:11:55,143 INFO o.a.j.JMeter: Loading user properties from: F:\apache-jmeter-x.x\apache-jmeter-4.0\bin\user.properties
2020-05-03 17:11:55,143 INFO o.a.j.JMeter: Loading system properties from: F:\apache-jmeter-x.x\apache-jmeter-4.0\bin\system.properties
2020-05-03 17:11:55,146 INFO o.a.j.JMeter: Copyright (c) 1998-2018 The Apache Software Foundation
2020-05-03 17:11:55,146 INFO o.a.j.JMeter: Version 4.0 r1823414
2020-05-03 17:11:55,147 INFO o.a.j.JMeter: java.version=1.8.0_202
2020-05-03 17:11:55,147 INFO o.a.j.JMeter: java.vm.name=Java HotSpot(TM) 64-Bit Server VM
2020-05-03 17:11:55,147 INFO o.a.j.JMeter: os.name=Windows 10
2020-05-03 17:11:55,147 INFO o.a.j.JMeter: os.arch=amd64
2020-05-03 17:11:55,147 INFO o.a.j.JMeter: os.version=10.0
2020-05-03 17:11:55,147 INFO o.a.j.JMeter: file.encoding=GBK
2020-05-03 17:11:55,147 INFO o.a.j.JMeter: Max memory     =1073741824
2020-05-03 17:11:55,147 INFO o.a.j.JMeter: Available Processors =12
2020-05-03 17:11:55,149 INFO o.a.j.JMeter: Default Locale=English (EN)
2020-05-03 17:11:55,150 INFO o.a.j.JMeter: JMeter  Locale=English (EN)
2020-05-03 17:11:55,150 INFO o.a.j.JMeter: JMeterHome=F:\apache-jmeter-x.x\apache-jmeter-4.0
2020-05-03 17:11:55,150 INFO o.a.j.JMeter: user.dir  =C:\Users\dongp\PycharmProjects\Fiddler_To_jmeterScript\result
2020-05-03 17:11:55,150 INFO o.a.j.JMeter: PWD       =C:\Users\dongp\PycharmProjects\Fiddler_To_jmeterScript\result
2020-05-03 17:11:55,152 INFO o.a.j.JMeter: IP: 192.168.31.148 Name: LAPTOP-27UJIKQG FullName: LAPTOP-27UJIKQG
2020-05-03 17:11:55,262 INFO o.a.j.g.a.LookAndFeelCommand: Installing Darcula LAF
2020-05-03 17:11:55,272 INFO o.a.j.g.a.LookAndFeelCommand: Using look and feel: javax.swing.plaf.nimbus.NimbusLookAndFeel [Darcula]
2020-05-03 17:11:55,272 INFO o.a.j.JMeter: Setting LAF to: javax.swing.plaf.nimbus.NimbusLookAndFeel
2020-05-03 17:11:55,295 INFO o.a.j.JMeter: Loaded icon properties from org/apache/jmeter/images/icon.properties
2020-05-03 17:11:55,710 INFO o.a.j.e.u.CompoundVariable: Note: Function class names must contain the string: '.functions.'
2020-05-03 17:11:55,710 INFO o.a.j.e.u.CompoundVariable: Note: Function class names must not contain the string: '.gui.'
2020-05-03 17:11:56,268 INFO o.a.j.JMeter: Loading file: fiddler_to_jmeter_filter.jmx
2020-05-03 17:11:56,269 INFO o.a.j.s.FileServer: Default base='C:\Users\dongp\PycharmProjects\Fiddler_To_jmeterScript\result'
2020-05-03 17:11:56,271 INFO o.a.j.s.FileServer: Set new base='C:\Users\dongp\PycharmProjects\Fiddler_To_jmeterScript\result'
2020-05-03 17:11:56,372 INFO o.a.j.s.SaveService: Testplan (JMX) version: 2.2. Testlog (JTL) version: 2.2
2020-05-03 17:11:56,380 INFO o.a.j.s.SaveService: Using SaveService properties file encoding UTF-8
2020-05-03 17:11:56,381 INFO o.a.j.s.SaveService: Using SaveService properties version 4.0
2020-05-03 17:11:56,384 INFO o.a.j.s.SaveService: Loading file: fiddler_to_jmeter_filter.jmx
2020-05-03 17:11:56,465 INFO o.a.j.p.h.c.CookieManager: Settings: Delete null: true Check: true Allow variable: true Save: false Prefix: COOKIE_
2020-05-03 17:11:56,472 INFO o.a.j.p.h.s.HTTPSamplerBase: Parser for text/html is org.apache.jmeter.protocol.http.parser.LagartoBasedHtmlParser
2020-05-03 17:11:56,472 INFO o.a.j.p.h.s.HTTPSamplerBase: Parser for application/xhtml+xml is org.apache.jmeter.protocol.http.parser.LagartoBasedHtmlParser
2020-05-03 17:11:56,472 INFO o.a.j.p.h.s.HTTPSamplerBase: Parser for application/xml is org.apache.jmeter.protocol.http.parser.LagartoBasedHtmlParser
2020-05-03 17:11:56,472 INFO o.a.j.p.h.s.HTTPSamplerBase: Parser for text/xml is org.apache.jmeter.protocol.http.parser.LagartoBasedHtmlParser
2020-05-03 17:11:56,472 INFO o.a.j.p.h.s.HTTPSamplerBase: Parser for text/vnd.wap.wml is org.apache.jmeter.protocol.http.parser.RegexpHTMLParser
2020-05-03 17:11:56,472 INFO o.a.j.p.h.s.HTTPSamplerBase: Parser for text/css is org.apache.jmeter.protocol.http.parser.CssParser
2020-05-03 17:11:56,503 INFO o.a.j.s.FileServer: Set new base='C:\Users\dongp\PycharmProjects\Fiddler_To_jmeterScript\result'
2020-05-03 17:11:56,572 INFO o.a.j.s.SampleResult: Note: Sample TimeStamps are START times
2020-05-03 17:11:56,572 INFO o.a.j.s.SampleResult: sampleresult.default.encoding is set to UTF-8
2020-05-03 17:11:56,572 INFO o.a.j.s.SampleResult: sampleresult.useNanoTime=true
2020-05-03 17:11:56,572 INFO o.a.j.s.SampleResult: sampleresult.nanoThreadSleep=5000
2020-05-03 17:11:56,693 INFO o.j.r.JARSourceHTTP: Found cached repo
2020-05-03 17:11:56,790 INFO o.j.r.PluginManager: Plugins Status: [jpgc-graphs-basic=2.0, jpgc-functions=2.1, jpgc-casutg=2.9, jpgc-dummy=0.4, jpgc-ffw=2.0, jpgc-httpraw=0.1, jpgc-fifo=0.2, jpgc-json=2.7, jpgc-perfmon=2.1, jpgc-plugins-manager=1.4, jpgc-tst=2.5, jmeter-core=4.0, jmeter-ftp=4.0, jmeter-http=4.0, jmeter-jdbc=4.0, jmeter-jms=4.0, jmeter-junit=4.0, jmeter-java=4.0, jmeter-ldap=4.0, jmeter-mail=4.0, jmeter-mongodb=4.0, jmeter-native=4.0, jmeter-tcp=4.0, jmeter-components=4.0, jpgc-standard=2.0]
2020-05-03 17:11:58,023 INFO o.a.j.e.KeyToolUtils: keytool found at 'keytool'
2020-05-03 17:11:58,024 INFO o.a.j.p.h.p.ProxyControl: HTTP(S) Test Script Recorder SSL Proxy will use keys that support embedded 3rd party resources in file F:\apache-jmeter-x.x\apache-jmeter-4.0\bin\proxyserver.jks
